\BOOKMARK [0][]{chapter*.1}{\376\377\144\130\060\000\060\000\211\201}{}% 1
\BOOKMARK [0][]{chapter*.2}{\376\377\000A\000b\000s\000t\000r\000a\000c\000t}{}% 2
\BOOKMARK [0][]{chapter*.4}{\376\377\137\025\060\000\060\000\212\000}{}% 3
\BOOKMARK [1][]{section.0.1}{\376\377\0000\000.\0001\000\040\133\127\117\123}{chapter*.4}% 4
\BOOKMARK [1][]{section.0.2}{\376\377\0000\000.\0002\000\040\000W\000i\000n\000d\000o\000w\000s\144\315\117\134\174\373\176\337}{chapter*.4}% 5
\BOOKMARK [2][]{subsection.0.2.1}{\376\377\0000\000.\0002\000.\0001\000\040\177\026\213\321\217\320\210\114}{section.0.2}% 6
\BOOKMARK [1][]{section.0.3}{\376\377\0000\000.\0003\000\040\000L\000i\000n\000u\000x\144\315\117\134\174\373\176\337\000\050\116\345\000U\000b\000u\000n\000t\000u\116\072\117\213\000\051}{chapter*.4}% 7
\BOOKMARK [2][]{subsection.0.3.1}{\376\377\0000\000.\0003\000.\0001\000\040\177\026\213\321\217\320\210\114}{section.0.3}% 8
\BOOKMARK [1][]{section.0.4}{\376\377\0000\000.\0004\000\040\000X\000e\000T\000e\000X\173\200\116\313}{chapter*.4}% 9
\BOOKMARK [2][]{subsection.0.4.1}{\376\377\0000\000.\0004\000.\0001\000\040\123\206\123\362}{section.0.4}% 10
\BOOKMARK [1][]{section.0.5}{\376\377\0000\000.\0005\000\040\137\025\212\000\121\205\133\271\211\201\154\102}{chapter*.4}% 11
\BOOKMARK [0][]{chapter.1}{\376\377\0001\000\040\152\041\162\110\117\177\165\050\213\364\146\016}{}% 12
\BOOKMARK [1][]{section.1.1}{\376\377\0001\000.\0001\000\040\116\052\116\272\117\341\140\157}{chapter.1}% 13
\BOOKMARK [1][]{section.1.2}{\376\377\0001\000.\0002\000\040\116\055\202\361\145\207\144\130\211\201\060\001\121\163\225\056\133\127}{chapter.1}% 14
\BOOKMARK [1][]{section.1.3}{\376\377\0001\000.\0003\000\040\153\143\145\207}{chapter.1}% 15
\BOOKMARK [0][]{chapter.2}{\376\377\0002\000\040\122\027\210\150\377\014\116\011\176\277\210\150\377\014\143\322\126\376\377\014\123\302\200\003\145\207\163\056}{}% 16
\BOOKMARK [1][]{section.2.1}{\376\377\0002\000.\0001\000\040\122\027\210\150}{chapter.2}% 17
\BOOKMARK [1][]{section.2.2}{\376\377\0002\000.\0002\000\040\210\150}{chapter.2}% 18
\BOOKMARK [2][]{subsection.2.2.1}{\376\377\0002\000.\0002\000.\0001\000\040\116\011\176\277\210\150}{section.2.2}% 19
\BOOKMARK [2][]{subsection.2.2.2}{\376\377\0002\000.\0002\000.\0002\000\040\210\150\150\074\166\204\122\027\143\011\134\017\145\160\160\271\133\371\237\120}{section.2.2}% 20
\BOOKMARK [2][]{subsection.2.2.3}{\376\377\0002\000.\0002\000.\0003\000\040\131\032\122\027\116\011\176\277\210\150}{section.2.2}% 21
\BOOKMARK [2][]{subsection.2.2.4}{\376\377\0002\000.\0002\000.\0004\000\040\131\032\210\114\116\011\176\277\210\150}{section.2.2}% 22
\BOOKMARK [2][]{subsection.2.2.5}{\376\377\0002\000.\0002\000.\0005\000\040\133\275\136\246\143\247\122\066}{section.2.2}% 23
\BOOKMARK [2][]{subsection.2.2.6}{\376\377\0002\000.\0002\000.\0006\000\040\145\234\176\277\210\150\131\064}{section.2.2}% 24
\BOOKMARK [1][]{section.2.3}{\376\377\0002\000.\0003\000\040\126\376}{chapter.2}% 25
\BOOKMARK [2][]{subsection.2.3.1}{\376\377\0002\000.\0003\000.\0001\000\040\123\314\126\376\136\166\122\027}{section.2.3}% 26
\BOOKMARK [2][]{subsection.2.3.2}{\376\377\0002\000.\0003\000.\0002\000\040\116\044\133\120\126\376\136\166\122\027}{section.2.3}% 27
\BOOKMARK [1][]{section.2.4}{\376\377\0002\000.\0004\000\040\145\160\133\146}{chapter.2}% 28
\BOOKMARK [2][]{subsection.2.4.1}{\376\377\0002\000.\0004\000.\0001\000\040\000m\000a\000t\000h}{section.2.4}% 29
\BOOKMARK [2][]{subsection.2.4.2}{\376\377\0002\000.\0004\000.\0002\000\040\120\205\172\313\123\366\123\330\143\142}{section.2.4}% 30
\BOOKMARK [1][]{section.2.5}{\376\377\0002\000.\0005\000\040\123\302\200\003\145\207\163\056}{chapter.2}% 31
\BOOKMARK [0][]{chapter.3}{\376\377\0003\000\040\154\350\141\017\116\213\230\171}{}% 32
\BOOKMARK [1][]{section.3.1}{\376\377\0003\000.\0001\000\040\133\130\127\050\166\204\225\356\230\230}{chapter.3}% 33
\BOOKMARK [1][]{section.3.2}{\376\377\0003\000.\0002\000\040\134\006\147\145\166\204\135\345\117\134}{chapter.3}% 34
\BOOKMARK [0][]{chapter*.5}{\376\377\176\323\060\000\060\000\213\272}{}% 35
\BOOKMARK [0][]{chapter*.6}{\376\377\123\302\200\003\145\207\163\056}{}% 36
\BOOKMARK [0][]{appendix*.7}{\376\377\226\104\137\125\000\040\000A\060\000\226\104\137\125\121\205\133\271\124\015\171\360}{}% 37
\BOOKMARK [0][]{appendix*.8}{\376\377\145\073\213\373\170\125\130\353\133\146\117\115\147\037\225\364\123\321\210\150\133\146\147\057\213\272\145\207\140\305\121\265}{}% 38
\BOOKMARK [0][]{appendix*.9}{\376\377\201\364\060\000\060\000\214\042}{}% 39
\BOOKMARK [0][]{appendix*.10}{\376\377\131\047\217\336\164\006\135\345\131\047\133\146\133\146\117\115\213\272\145\207\162\110\147\103\117\177\165\050\143\210\147\103\116\146}{}% 40
